[10:50:43] 0 blk_len=13, head_len=12, blk_cnt=0, head=12, tail=12, len=1048
[10:50:43] 1 blk_len=13, head_len=12, blk_cnt=0, head=12, tail=12, len=1048
[10:50:43] 0 backlog=1024,bufsize=102400
[10:50:43] 0 master init
[10:50:43] 0 serv [0] have listened
[10:50:43] 0 SimpleServer-1
[14:35:43] 0 blk_len=13, head_len=12, blk_cnt=0, head=12, tail=12, len=2048
[14:35:43] 1 blk_len=13, head_len=12, blk_cnt=0, head=12, tail=12, len=2048
[14:35:43] 0 backlog=1024,bufsize=512
[14:35:43] 0 master init
[14:35:43] 0 serv [1] have listened
[14:35:43] 0 SimpleServer-1
[15:20:27] 0 blk_len=13, head_len=12, blk_cnt=0, head=12, tail=12, len=2048
[15:20:27] 1 blk_len=13, head_len=12, blk_cnt=0, head=12, tail=12, len=2048
[15:20:27] 0 backlog=1024,bufsize=512
[15:20:27] 0 master init
[15:20:27] 0 serv [1] have listened
[15:20:27] 0 SimpleServer-1
[15:21:53] 0 receive SIGTEAM
[15:21:53] 0 receive SIGTEAM
[15:21:53] 0 master fini
[15:21:53] 0 master serv have stopped!
